<?xml version="1.0" encoding="UTF-8"?>
<!-- Generated by org.testng.reporters.JUnitXMLReporter -->
<testsuite ignored="0" hostname="CI00430873" failures="0" tests="3" name="Default test" time="7.983" errors="0" timestamp="2024-12-11T16:12:27 IST">
  <testcase classname="api.testcases.StoreTest" name="testPostUser" time="4.141"/>
  <testcase classname="api.testcases.StoreTest" name="testGetUserbyName" time="1.418"/>
  <testcase classname="api.testcases.StoreTest" name="testDeleteUserbyName" time="2.359"/>
</testsuite> <!-- Default test -->
