<?xml version="1.0" encoding="UTF-8"?>
<testng-results ignored="0" total="51" passed="51" failed="0" skipped="0">
  <reporter-output>
  </reporter-output>
  <suite started-at="2024-12-12T11:44:28 IST" name="PetSuite" finished-at="2024-12-12T11:45:52 IST" duration-ms="83812">
    <groups>
    </groups>
    <test started-at="2024-12-12T11:44:28 IST" name="PetTest" finished-at="2024-12-12T11:45:52 IST" duration-ms="83812">
      <class name="api.testcases.DataDrivenTests">
        <test-method signature="testPostUser(java.lang.String,java.lang.String,java.lang.String,java.lang.String,java.lang.String,java.lang.String,java.lang.String)[pri:1, instance:api.testcases.DataDrivenTests@a38c7fe]" started-at="2024-12-12T11:44:31 IST" name="testPostUser" data-provider="Data" finished-at="2024-12-12T11:44:34 IST" duration-ms="3045" status="PASS">
          <params>
            <param index="0">
              <value>
                <![CDATA[1029]]>
              </value>
            </param>
            <param index="1">
              <value>
                <![CDATA[martinezstephanie]]>
              </value>
            </param>
            <param index="2">
              <value>
                <![CDATA[Angela]]>
              </value>
            </param>
            <param index="3">
              <value>
                <![CDATA[Chandler]]>
              </value>
            </param>
            <param index="4">
              <value>
                <![CDATA[scottyu@yahoo.com]]>
              </value>
            </param>
            <param index="5">
              <value>
                <![CDATA[W5KX8js&@X]]>
              </value>
            </param>
            <param index="6">
              <value>
                <![CDATA[(540)096-9288x740]]>
              </value>
            </param>
          </params>
          <reporter-output>
          </reporter-output>
        </test-method> <!-- testPostUser -->
        <test-method signature="testPostUser(java.lang.String,java.lang.String,java.lang.String,java.lang.String,java.lang.String,java.lang.String,java.lang.String)[pri:1, instance:api.testcases.DataDrivenTests@a38c7fe]" started-at="2024-12-12T11:44:34 IST" name="testPostUser" data-provider="Data" finished-at="2024-12-12T11:44:35 IST" duration-ms="1161" status="PASS">
          <params>
            <param index="0">
              <value>
                <![CDATA[7329]]>
              </value>
            </param>
            <param index="1">
              <value>
                <![CDATA[john74]]>
              </value>
            </param>
            <param index="2">
              <value>
                <![CDATA[Robert]]>
              </value>
            </param>
            <param index="3">
              <value>
                <![CDATA[Bailey]]>
              </value>
            </param>
            <param index="4">
              <value>
                <![CDATA[aayers@yahoo.com]]>
              </value>
            </param>
            <param index="5">
              <value>
                <![CDATA[TnUJh#gq_5]]>
              </value>
            </param>
            <param index="6">
              <value>
                <![CDATA[599.477.5766]]>
              </value>
            </param>
          </params>
          <reporter-output>
          </reporter-output>
        </test-method> <!-- testPostUser -->
        <test-method signature="testPostUser(java.lang.String,java.lang.String,java.lang.String,java.lang.String,java.lang.String,java.lang.String,java.lang.String)[pri:1, instance:api.testcases.DataDrivenTests@a38c7fe]" started-at="2024-12-12T11:44:35 IST" name="testPostUser" data-provider="Data" finished-at="2024-12-12T11:44:36 IST" duration-ms="1175" status="PASS">
          <params>
            <param index="0">
              <value>
                <![CDATA[7439]]>
              </value>
            </param>
            <param index="1">
              <value>
                <![CDATA[marilynmathews]]>
              </value>
            </param>
            <param index="2">
              <value>
                <![CDATA[Laura]]>
              </value>
            </param>
            <param index="3">
              <value>
                <![CDATA[Stanley]]>
              </value>
            </param>
            <param index="4">
              <value>
                <![CDATA[teresawalker@yahoo.com]]>
              </value>
            </param>
            <param index="5">
              <value>
                <![CDATA[#k8oWG&pa5]]>
              </value>
            </param>
            <param index="6">
              <value>
                <![CDATA[+1-365-990-6495x12862]]>
              </value>
            </param>
          </params>
          <reporter-output>
          </reporter-output>
        </test-method> <!-- testPostUser -->
        <test-method signature="testPostUser(java.lang.String,java.lang.String,java.lang.String,java.lang.String,java.lang.String,java.lang.String,java.lang.String)[pri:1, instance:api.testcases.DataDrivenTests@a38c7fe]" started-at="2024-12-12T11:44:36 IST" name="testPostUser" data-provider="Data" finished-at="2024-12-12T11:44:37 IST" duration-ms="1161" status="PASS">
          <params>
            <param index="0">
              <value>
                <![CDATA[3839]]>
              </value>
            </param>
            <param index="1">
              <value>
                <![CDATA[walkerrebecca]]>
              </value>
            </param>
            <param index="2">
              <value>
                <![CDATA[Jason]]>
              </value>
            </param>
            <param index="3">
              <value>
                <![CDATA[Neal]]>
              </value>
            </param>
            <param index="4">
              <value>
                <![CDATA[madison94@adams-tucker.net]]>
              </value>
            </param>
            <param index="5">
              <value>
                <![CDATA[%(8HkS!d3Q]]>
              </value>
            </param>
            <param index="6">
              <value>
                <![CDATA[739.811.4247x2736]]>
              </value>
            </param>
          </params>
          <reporter-output>
          </reporter-output>
        </test-method> <!-- testPostUser -->
        <test-method signature="testPostUser(java.lang.String,java.lang.String,java.lang.String,java.lang.String,java.lang.String,java.lang.String,java.lang.String)[pri:1, instance:api.testcases.DataDrivenTests@a38c7fe]" started-at="2024-12-12T11:44:37 IST" name="testPostUser" data-provider="Data" finished-at="2024-12-12T11:44:39 IST" duration-ms="1172" status="PASS">
          <params>
            <param index="0">
              <value>
                <![CDATA[9832]]>
              </value>
            </param>
            <param index="1">
              <value>
                <![CDATA[elizabeth56]]>
              </value>
            </param>
            <param index="2">
              <value>
                <![CDATA[Emily]]>
              </value>
            </param>
            <param index="3">
              <value>
                <![CDATA[Chambers]]>
              </value>
            </param>
            <param index="4">
              <value>
                <![CDATA[hernandezmichael@yahoo.com]]>
              </value>
            </param>
            <param index="5">
              <value>
                <![CDATA[8+6q1qHhA1]]>
              </value>
            </param>
            <param index="6">
              <value>
                <![CDATA[271-162-3028x285]]>
              </value>
            </param>
          </params>
          <reporter-output>
          </reporter-output>
        </test-method> <!-- testPostUser -->
        <test-method signature="testPostUser(java.lang.String,java.lang.String,java.lang.String,java.lang.String,java.lang.String,java.lang.String,java.lang.String)[pri:1, instance:api.testcases.DataDrivenTests@a38c7fe]" started-at="2024-12-12T11:44:39 IST" name="testPostUser" data-provider="Data" finished-at="2024-12-12T11:44:40 IST" duration-ms="1167" status="PASS">
          <params>
            <param index="0">
              <value>
                <![CDATA[2483]]>
              </value>
            </param>
            <param index="1">
              <value>
                <![CDATA[christopherparrish]]>
              </value>
            </param>
            <param index="2">
              <value>
                <![CDATA[Mark]]>
              </value>
            </param>
            <param index="3">
              <value>
                <![CDATA[Good]]>
              </value>
            </param>
            <param index="4">
              <value>
                <![CDATA[dennismartin@paul.net]]>
              </value>
            </param>
            <param index="5">
              <value>
                <![CDATA[tTiZ9BiqP)]]>
              </value>
            </param>
            <param index="6">
              <value>
                <![CDATA[(140)429-2826]]>
              </value>
            </param>
          </params>
          <reporter-output>
          </reporter-output>
        </test-method> <!-- testPostUser -->
        <test-method signature="testPostUser(java.lang.String,java.lang.String,java.lang.String,java.lang.String,java.lang.String,java.lang.String,java.lang.String)[pri:1, instance:api.testcases.DataDrivenTests@a38c7fe]" started-at="2024-12-12T11:44:40 IST" name="testPostUser" data-provider="Data" finished-at="2024-12-12T11:44:41 IST" duration-ms="1174" status="PASS">
          <params>
            <param index="0">
              <value>
                <![CDATA[3728]]>
              </value>
            </param>
            <param index="1">
              <value>
                <![CDATA[michaeldavies]]>
              </value>
            </param>
            <param index="2">
              <value>
                <![CDATA[Marisa]]>
              </value>
            </param>
            <param index="3">
              <value>
                <![CDATA[Pearson]]>
              </value>
            </param>
            <param index="4">
              <value>
                <![CDATA[diana88@yahoo.com]]>
              </value>
            </param>
            <param index="5">
              <value>
                <![CDATA[)p4FQFFzt1]]>
              </value>
            </param>
            <param index="6">
              <value>
                <![CDATA[016.469.9188]]>
              </value>
            </param>
          </params>
          <reporter-output>
          </reporter-output>
        </test-method> <!-- testPostUser -->
        <test-method signature="testPostUser(java.lang.String,java.lang.String,java.lang.String,java.lang.String,java.lang.String,java.lang.String,java.lang.String)[pri:1, instance:api.testcases.DataDrivenTests@a38c7fe]" started-at="2024-12-12T11:44:41 IST" name="testPostUser" data-provider="Data" finished-at="2024-12-12T11:44:42 IST" duration-ms="1144" status="PASS">
          <params>
            <param index="0">
              <value>
                <![CDATA[6839]]>
              </value>
            </param>
            <param index="1">
              <value>
                <![CDATA[cwoods]]>
              </value>
            </param>
            <param index="2">
              <value>
                <![CDATA[Tyler]]>
              </value>
            </param>
            <param index="3">
              <value>
                <![CDATA[Callahan]]>
              </value>
            </param>
            <param index="4">
              <value>
                <![CDATA[wendygentry@vasquez.net]]>
              </value>
            </param>
            <param index="5">
              <value>
                <![CDATA[$9Wwffb3!F]]>
              </value>
            </param>
            <param index="6">
              <value>
                <![CDATA[952.696.8832x74320]]>
              </value>
            </param>
          </params>
          <reporter-output>
          </reporter-output>
        </test-method> <!-- testPostUser -->
        <test-method signature="testPostUser(java.lang.String,java.lang.String,java.lang.String,java.lang.String,java.lang.String,java.lang.String,java.lang.String)[pri:1, instance:api.testcases.DataDrivenTests@a38c7fe]" started-at="2024-12-12T11:44:42 IST" name="testPostUser" data-provider="Data" finished-at="2024-12-12T11:44:43 IST" duration-ms="1143" status="PASS">
          <params>
            <param index="0">
              <value>
                <![CDATA[4839]]>
              </value>
            </param>
            <param index="1">
              <value>
                <![CDATA[bmora]]>
              </value>
            </param>
            <param index="2">
              <value>
                <![CDATA[John]]>
              </value>
            </param>
            <param index="3">
              <value>
                <![CDATA[Montoya]]>
              </value>
            </param>
            <param index="4">
              <value>
                <![CDATA[xmckinney@gmail.com]]>
              </value>
            </param>
            <param index="5">
              <value>
                <![CDATA[1R!veFWh%1]]>
              </value>
            </param>
            <param index="6">
              <value>
                <![CDATA[+1-793-630-7211x405]]>
              </value>
            </param>
          </params>
          <reporter-output>
          </reporter-output>
        </test-method> <!-- testPostUser -->
        <test-method signature="testPostUser(java.lang.String,java.lang.String,java.lang.String,java.lang.String,java.lang.String,java.lang.String,java.lang.String)[pri:1, instance:api.testcases.DataDrivenTests@a38c7fe]" started-at="2024-12-12T11:44:43 IST" name="testPostUser" data-provider="Data" finished-at="2024-12-12T11:44:44 IST" duration-ms="1160" status="PASS">
          <params>
            <param index="0">
              <value>
                <![CDATA[8773]]>
              </value>
            </param>
            <param index="1">
              <value>
                <![CDATA[zclark]]>
              </value>
            </param>
            <param index="2">
              <value>
                <![CDATA[Timothy]]>
              </value>
            </param>
            <param index="3">
              <value>
                <![CDATA[Whitehead]]>
              </value>
            </param>
            <param index="4">
              <value>
                <![CDATA[avilasheri@gmail.com]]>
              </value>
            </param>
            <param index="5">
              <value>
                <![CDATA[)v#PKzN*)0]]>
              </value>
            </param>
            <param index="6">
              <value>
                <![CDATA[+1-576-396-7156x58470]]>
              </value>
            </param>
          </params>
          <reporter-output>
          </reporter-output>
        </test-method> <!-- testPostUser -->
        <test-method signature="testGetUserByName(java.lang.String)[pri:2, instance:api.testcases.DataDrivenTests@a38c7fe]" started-at="2024-12-12T11:44:45 IST" name="testGetUserByName" data-provider="UserNames" finished-at="2024-12-12T11:44:46 IST" duration-ms="1221" status="PASS">
          <params>
            <param index="0">
              <value>
                <![CDATA[martinezstephanie]]>
              </value>
            </param>
          </params>
          <reporter-output>
          </reporter-output>
        </test-method> <!-- testGetUserByName -->
        <test-method signature="testGetUserByName(java.lang.String)[pri:2, instance:api.testcases.DataDrivenTests@a38c7fe]" started-at="2024-12-12T11:44:46 IST" name="testGetUserByName" data-provider="UserNames" finished-at="2024-12-12T11:44:47 IST" duration-ms="1128" status="PASS">
          <params>
            <param index="0">
              <value>
                <![CDATA[john74]]>
              </value>
            </param>
          </params>
          <reporter-output>
          </reporter-output>
        </test-method> <!-- testGetUserByName -->
        <test-method signature="testGetUserByName(java.lang.String)[pri:2, instance:api.testcases.DataDrivenTests@a38c7fe]" started-at="2024-12-12T11:44:47 IST" name="testGetUserByName" data-provider="UserNames" finished-at="2024-12-12T11:44:48 IST" duration-ms="1135" status="PASS">
          <params>
            <param index="0">
              <value>
                <![CDATA[marilynmathews]]>
              </value>
            </param>
          </params>
          <reporter-output>
          </reporter-output>
        </test-method> <!-- testGetUserByName -->
        <test-method signature="testGetUserByName(java.lang.String)[pri:2, instance:api.testcases.DataDrivenTests@a38c7fe]" started-at="2024-12-12T11:44:48 IST" name="testGetUserByName" data-provider="UserNames" finished-at="2024-12-12T11:44:49 IST" duration-ms="1157" status="PASS">
          <params>
            <param index="0">
              <value>
                <![CDATA[walkerrebecca]]>
              </value>
            </param>
          </params>
          <reporter-output>
          </reporter-output>
        </test-method> <!-- testGetUserByName -->
        <test-method signature="testGetUserByName(java.lang.String)[pri:2, instance:api.testcases.DataDrivenTests@a38c7fe]" started-at="2024-12-12T11:44:49 IST" name="testGetUserByName" data-provider="UserNames" finished-at="2024-12-12T11:44:50 IST" duration-ms="1152" status="PASS">
          <params>
            <param index="0">
              <value>
                <![CDATA[elizabeth56]]>
              </value>
            </param>
          </params>
          <reporter-output>
          </reporter-output>
        </test-method> <!-- testGetUserByName -->
        <test-method signature="testGetUserByName(java.lang.String)[pri:2, instance:api.testcases.DataDrivenTests@a38c7fe]" started-at="2024-12-12T11:44:50 IST" name="testGetUserByName" data-provider="UserNames" finished-at="2024-12-12T11:44:52 IST" duration-ms="1146" status="PASS">
          <params>
            <param index="0">
              <value>
                <![CDATA[christopherparrish]]>
              </value>
            </param>
          </params>
          <reporter-output>
          </reporter-output>
        </test-method> <!-- testGetUserByName -->
        <test-method signature="testGetUserByName(java.lang.String)[pri:2, instance:api.testcases.DataDrivenTests@a38c7fe]" started-at="2024-12-12T11:44:52 IST" name="testGetUserByName" data-provider="UserNames" finished-at="2024-12-12T11:44:53 IST" duration-ms="1152" status="PASS">
          <params>
            <param index="0">
              <value>
                <![CDATA[michaeldavies]]>
              </value>
            </param>
          </params>
          <reporter-output>
          </reporter-output>
        </test-method> <!-- testGetUserByName -->
        <test-method signature="testGetUserByName(java.lang.String)[pri:2, instance:api.testcases.DataDrivenTests@a38c7fe]" started-at="2024-12-12T11:44:53 IST" name="testGetUserByName" data-provider="UserNames" finished-at="2024-12-12T11:44:54 IST" duration-ms="1136" status="PASS">
          <params>
            <param index="0">
              <value>
                <![CDATA[cwoods]]>
              </value>
            </param>
          </params>
          <reporter-output>
          </reporter-output>
        </test-method> <!-- testGetUserByName -->
        <test-method signature="testGetUserByName(java.lang.String)[pri:2, instance:api.testcases.DataDrivenTests@a38c7fe]" started-at="2024-12-12T11:44:54 IST" name="testGetUserByName" data-provider="UserNames" finished-at="2024-12-12T11:44:55 IST" duration-ms="1147" status="PASS">
          <params>
            <param index="0">
              <value>
                <![CDATA[bmora]]>
              </value>
            </param>
          </params>
          <reporter-output>
          </reporter-output>
        </test-method> <!-- testGetUserByName -->
        <test-method signature="testGetUserByName(java.lang.String)[pri:2, instance:api.testcases.DataDrivenTests@a38c7fe]" started-at="2024-12-12T11:44:55 IST" name="testGetUserByName" data-provider="UserNames" finished-at="2024-12-12T11:44:56 IST" duration-ms="1111" status="PASS">
          <params>
            <param index="0">
              <value>
                <![CDATA[zclark]]>
              </value>
            </param>
          </params>
          <reporter-output>
          </reporter-output>
        </test-method> <!-- testGetUserByName -->
        <test-method signature="testUpdateUser(java.lang.String,java.lang.String,java.lang.String,java.lang.String,java.lang.String,java.lang.String,java.lang.String)[pri:3, instance:api.testcases.DataDrivenTests@a38c7fe]" started-at="2024-12-12T11:44:57 IST" name="testUpdateUser" data-provider="Data" finished-at="2024-12-12T11:44:59 IST" duration-ms="2529" status="PASS">
          <params>
            <param index="0">
              <value>
                <![CDATA[1029]]>
              </value>
            </param>
            <param index="1">
              <value>
                <![CDATA[martinezstephanie]]>
              </value>
            </param>
            <param index="2">
              <value>
                <![CDATA[Angela]]>
              </value>
            </param>
            <param index="3">
              <value>
                <![CDATA[Chandler]]>
              </value>
            </param>
            <param index="4">
              <value>
                <![CDATA[scottyu@yahoo.com]]>
              </value>
            </param>
            <param index="5">
              <value>
                <![CDATA[W5KX8js&@X]]>
              </value>
            </param>
            <param index="6">
              <value>
                <![CDATA[(540)096-9288x740]]>
              </value>
            </param>
          </params>
          <reporter-output>
          </reporter-output>
        </test-method> <!-- testUpdateUser -->
        <test-method signature="testUpdateUser(java.lang.String,java.lang.String,java.lang.String,java.lang.String,java.lang.String,java.lang.String,java.lang.String)[pri:3, instance:api.testcases.DataDrivenTests@a38c7fe]" started-at="2024-12-12T11:44:59 IST" name="testUpdateUser" data-provider="Data" finished-at="2024-12-12T11:45:02 IST" duration-ms="2315" status="PASS">
          <params>
            <param index="0">
              <value>
                <![CDATA[7329]]>
              </value>
            </param>
            <param index="1">
              <value>
                <![CDATA[john74]]>
              </value>
            </param>
            <param index="2">
              <value>
                <![CDATA[Robert]]>
              </value>
            </param>
            <param index="3">
              <value>
                <![CDATA[Bailey]]>
              </value>
            </param>
            <param index="4">
              <value>
                <![CDATA[aayers@yahoo.com]]>
              </value>
            </param>
            <param index="5">
              <value>
                <![CDATA[TnUJh#gq_5]]>
              </value>
            </param>
            <param index="6">
              <value>
                <![CDATA[599.477.5766]]>
              </value>
            </param>
          </params>
          <reporter-output>
          </reporter-output>
        </test-method> <!-- testUpdateUser -->
        <test-method signature="testUpdateUser(java.lang.String,java.lang.String,java.lang.String,java.lang.String,java.lang.String,java.lang.String,java.lang.String)[pri:3, instance:api.testcases.DataDrivenTests@a38c7fe]" started-at="2024-12-12T11:45:02 IST" name="testUpdateUser" data-provider="Data" finished-at="2024-12-12T11:45:04 IST" duration-ms="2414" status="PASS">
          <params>
            <param index="0">
              <value>
                <![CDATA[7439]]>
              </value>
            </param>
            <param index="1">
              <value>
                <![CDATA[marilynmathews]]>
              </value>
            </param>
            <param index="2">
              <value>
                <![CDATA[Laura]]>
              </value>
            </param>
            <param index="3">
              <value>
                <![CDATA[Stanley]]>
              </value>
            </param>
            <param index="4">
              <value>
                <![CDATA[teresawalker@yahoo.com]]>
              </value>
            </param>
            <param index="5">
              <value>
                <![CDATA[#k8oWG&pa5]]>
              </value>
            </param>
            <param index="6">
              <value>
                <![CDATA[+1-365-990-6495x12862]]>
              </value>
            </param>
          </params>
          <reporter-output>
          </reporter-output>
        </test-method> <!-- testUpdateUser -->
        <test-method signature="testUpdateUser(java.lang.String,java.lang.String,java.lang.String,java.lang.String,java.lang.String,java.lang.String,java.lang.String)[pri:3, instance:api.testcases.DataDrivenTests@a38c7fe]" started-at="2024-12-12T11:45:04 IST" name="testUpdateUser" data-provider="Data" finished-at="2024-12-12T11:45:07 IST" duration-ms="2323" status="PASS">
          <params>
            <param index="0">
              <value>
                <![CDATA[3839]]>
              </value>
            </param>
            <param index="1">
              <value>
                <![CDATA[walkerrebecca]]>
              </value>
            </param>
            <param index="2">
              <value>
                <![CDATA[Jason]]>
              </value>
            </param>
            <param index="3">
              <value>
                <![CDATA[Neal]]>
              </value>
            </param>
            <param index="4">
              <value>
                <![CDATA[madison94@adams-tucker.net]]>
              </value>
            </param>
            <param index="5">
              <value>
                <![CDATA[%(8HkS!d3Q]]>
              </value>
            </param>
            <param index="6">
              <value>
                <![CDATA[739.811.4247x2736]]>
              </value>
            </param>
          </params>
          <reporter-output>
          </reporter-output>
        </test-method> <!-- testUpdateUser -->
        <test-method signature="testUpdateUser(java.lang.String,java.lang.String,java.lang.String,java.lang.String,java.lang.String,java.lang.String,java.lang.String)[pri:3, instance:api.testcases.DataDrivenTests@a38c7fe]" started-at="2024-12-12T11:45:07 IST" name="testUpdateUser" data-provider="Data" finished-at="2024-12-12T11:45:09 IST" duration-ms="2308" status="PASS">
          <params>
            <param index="0">
              <value>
                <![CDATA[9832]]>
              </value>
            </param>
            <param index="1">
              <value>
                <![CDATA[elizabeth56]]>
              </value>
            </param>
            <param index="2">
              <value>
                <![CDATA[Emily]]>
              </value>
            </param>
            <param index="3">
              <value>
                <![CDATA[Chambers]]>
              </value>
            </param>
            <param index="4">
              <value>
                <![CDATA[hernandezmichael@yahoo.com]]>
              </value>
            </param>
            <param index="5">
              <value>
                <![CDATA[8+6q1qHhA1]]>
              </value>
            </param>
            <param index="6">
              <value>
                <![CDATA[271-162-3028x285]]>
              </value>
            </param>
          </params>
          <reporter-output>
          </reporter-output>
        </test-method> <!-- testUpdateUser -->
        <test-method signature="testUpdateUser(java.lang.String,java.lang.String,java.lang.String,java.lang.String,java.lang.String,java.lang.String,java.lang.String)[pri:3, instance:api.testcases.DataDrivenTests@a38c7fe]" started-at="2024-12-12T11:45:09 IST" name="testUpdateUser" data-provider="Data" finished-at="2024-12-12T11:45:11 IST" duration-ms="2308" status="PASS">
          <params>
            <param index="0">
              <value>
                <![CDATA[2483]]>
              </value>
            </param>
            <param index="1">
              <value>
                <![CDATA[christopherparrish]]>
              </value>
            </param>
            <param index="2">
              <value>
                <![CDATA[Mark]]>
              </value>
            </param>
            <param index="3">
              <value>
                <![CDATA[Good]]>
              </value>
            </param>
            <param index="4">
              <value>
                <![CDATA[dennismartin@paul.net]]>
              </value>
            </param>
            <param index="5">
              <value>
                <![CDATA[tTiZ9BiqP)]]>
              </value>
            </param>
            <param index="6">
              <value>
                <![CDATA[(140)429-2826]]>
              </value>
            </param>
          </params>
          <reporter-output>
          </reporter-output>
        </test-method> <!-- testUpdateUser -->
        <test-method signature="testUpdateUser(java.lang.String,java.lang.String,java.lang.String,java.lang.String,java.lang.String,java.lang.String,java.lang.String)[pri:3, instance:api.testcases.DataDrivenTests@a38c7fe]" started-at="2024-12-12T11:45:11 IST" name="testUpdateUser" data-provider="Data" finished-at="2024-12-12T11:45:13 IST" duration-ms="2276" status="PASS">
          <params>
            <param index="0">
              <value>
                <![CDATA[3728]]>
              </value>
            </param>
            <param index="1">
              <value>
                <![CDATA[michaeldavies]]>
              </value>
            </param>
            <param index="2">
              <value>
                <![CDATA[Marisa]]>
              </value>
            </param>
            <param index="3">
              <value>
                <![CDATA[Pearson]]>
              </value>
            </param>
            <param index="4">
              <value>
                <![CDATA[diana88@yahoo.com]]>
              </value>
            </param>
            <param index="5">
              <value>
                <![CDATA[)p4FQFFzt1]]>
              </value>
            </param>
            <param index="6">
              <value>
                <![CDATA[016.469.9188]]>
              </value>
            </param>
          </params>
          <reporter-output>
          </reporter-output>
        </test-method> <!-- testUpdateUser -->
        <test-method signature="testUpdateUser(java.lang.String,java.lang.String,java.lang.String,java.lang.String,java.lang.String,java.lang.String,java.lang.String)[pri:3, instance:api.testcases.DataDrivenTests@a38c7fe]" started-at="2024-12-12T11:45:13 IST" name="testUpdateUser" data-provider="Data" finished-at="2024-12-12T11:45:16 IST" duration-ms="2299" status="PASS">
          <params>
            <param index="0">
              <value>
                <![CDATA[6839]]>
              </value>
            </param>
            <param index="1">
              <value>
                <![CDATA[cwoods]]>
              </value>
            </param>
            <param index="2">
              <value>
                <![CDATA[Tyler]]>
              </value>
            </param>
            <param index="3">
              <value>
                <![CDATA[Callahan]]>
              </value>
            </param>
            <param index="4">
              <value>
                <![CDATA[wendygentry@vasquez.net]]>
              </value>
            </param>
            <param index="5">
              <value>
                <![CDATA[$9Wwffb3!F]]>
              </value>
            </param>
            <param index="6">
              <value>
                <![CDATA[952.696.8832x74320]]>
              </value>
            </param>
          </params>
          <reporter-output>
          </reporter-output>
        </test-method> <!-- testUpdateUser -->
        <test-method signature="testUpdateUser(java.lang.String,java.lang.String,java.lang.String,java.lang.String,java.lang.String,java.lang.String,java.lang.String)[pri:3, instance:api.testcases.DataDrivenTests@a38c7fe]" started-at="2024-12-12T11:45:16 IST" name="testUpdateUser" data-provider="Data" finished-at="2024-12-12T11:45:18 IST" duration-ms="2295" status="PASS">
          <params>
            <param index="0">
              <value>
                <![CDATA[4839]]>
              </value>
            </param>
            <param index="1">
              <value>
                <![CDATA[bmora]]>
              </value>
            </param>
            <param index="2">
              <value>
                <![CDATA[John]]>
              </value>
            </param>
            <param index="3">
              <value>
                <![CDATA[Montoya]]>
              </value>
            </param>
            <param index="4">
              <value>
                <![CDATA[xmckinney@gmail.com]]>
              </value>
            </param>
            <param index="5">
              <value>
                <![CDATA[1R!veFWh%1]]>
              </value>
            </param>
            <param index="6">
              <value>
                <![CDATA[+1-793-630-7211x405]]>
              </value>
            </param>
          </params>
          <reporter-output>
          </reporter-output>
        </test-method> <!-- testUpdateUser -->
        <test-method signature="testUpdateUser(java.lang.String,java.lang.String,java.lang.String,java.lang.String,java.lang.String,java.lang.String,java.lang.String)[pri:3, instance:api.testcases.DataDrivenTests@a38c7fe]" started-at="2024-12-12T11:45:18 IST" name="testUpdateUser" data-provider="Data" finished-at="2024-12-12T11:45:20 IST" duration-ms="2304" status="PASS">
          <params>
            <param index="0">
              <value>
                <![CDATA[8773]]>
              </value>
            </param>
            <param index="1">
              <value>
                <![CDATA[zclark]]>
              </value>
            </param>
            <param index="2">
              <value>
                <![CDATA[Timothy]]>
              </value>
            </param>
            <param index="3">
              <value>
                <![CDATA[Whitehead]]>
              </value>
            </param>
            <param index="4">
              <value>
                <![CDATA[avilasheri@gmail.com]]>
              </value>
            </param>
            <param index="5">
              <value>
                <![CDATA[)v#PKzN*)0]]>
              </value>
            </param>
            <param index="6">
              <value>
                <![CDATA[+1-576-396-7156x58470]]>
              </value>
            </param>
          </params>
          <reporter-output>
          </reporter-output>
        </test-method> <!-- testUpdateUser -->
        <test-method signature="testDeleteUserByName(java.lang.String)[pri:4, instance:api.testcases.DataDrivenTests@a38c7fe]" started-at="2024-12-12T11:45:20 IST" name="testDeleteUserByName" data-provider="UserNames" finished-at="2024-12-12T11:45:22 IST" duration-ms="1143" status="PASS">
          <params>
            <param index="0">
              <value>
                <![CDATA[martinezstephanie]]>
              </value>
            </param>
          </params>
          <reporter-output>
          </reporter-output>
        </test-method> <!-- testDeleteUserByName -->
        <test-method signature="testDeleteUserByName(java.lang.String)[pri:4, instance:api.testcases.DataDrivenTests@a38c7fe]" started-at="2024-12-12T11:45:22 IST" name="testDeleteUserByName" data-provider="UserNames" finished-at="2024-12-12T11:45:23 IST" duration-ms="1138" status="PASS">
          <params>
            <param index="0">
              <value>
                <![CDATA[john74]]>
              </value>
            </param>
          </params>
          <reporter-output>
          </reporter-output>
        </test-method> <!-- testDeleteUserByName -->
        <test-method signature="testDeleteUserByName(java.lang.String)[pri:4, instance:api.testcases.DataDrivenTests@a38c7fe]" started-at="2024-12-12T11:45:23 IST" name="testDeleteUserByName" data-provider="UserNames" finished-at="2024-12-12T11:45:24 IST" duration-ms="1125" status="PASS">
          <params>
            <param index="0">
              <value>
                <![CDATA[marilynmathews]]>
              </value>
            </param>
          </params>
          <reporter-output>
          </reporter-output>
        </test-method> <!-- testDeleteUserByName -->
        <test-method signature="testDeleteUserByName(java.lang.String)[pri:4, instance:api.testcases.DataDrivenTests@a38c7fe]" started-at="2024-12-12T11:45:24 IST" name="testDeleteUserByName" data-provider="UserNames" finished-at="2024-12-12T11:45:25 IST" duration-ms="1160" status="PASS">
          <params>
            <param index="0">
              <value>
                <![CDATA[walkerrebecca]]>
              </value>
            </param>
          </params>
          <reporter-output>
          </reporter-output>
        </test-method> <!-- testDeleteUserByName -->
        <test-method signature="testDeleteUserByName(java.lang.String)[pri:4, instance:api.testcases.DataDrivenTests@a38c7fe]" started-at="2024-12-12T11:45:25 IST" name="testDeleteUserByName" data-provider="UserNames" finished-at="2024-12-12T11:45:26 IST" duration-ms="1114" status="PASS">
          <params>
            <param index="0">
              <value>
                <![CDATA[elizabeth56]]>
              </value>
            </param>
          </params>
          <reporter-output>
          </reporter-output>
        </test-method> <!-- testDeleteUserByName -->
        <test-method signature="testDeleteUserByName(java.lang.String)[pri:4, instance:api.testcases.DataDrivenTests@a38c7fe]" started-at="2024-12-12T11:45:26 IST" name="testDeleteUserByName" data-provider="UserNames" finished-at="2024-12-12T11:45:27 IST" duration-ms="1125" status="PASS">
          <params>
            <param index="0">
              <value>
                <![CDATA[christopherparrish]]>
              </value>
            </param>
          </params>
          <reporter-output>
          </reporter-output>
        </test-method> <!-- testDeleteUserByName -->
        <test-method signature="testDeleteUserByName(java.lang.String)[pri:4, instance:api.testcases.DataDrivenTests@a38c7fe]" started-at="2024-12-12T11:45:27 IST" name="testDeleteUserByName" data-provider="UserNames" finished-at="2024-12-12T11:45:28 IST" duration-ms="1153" status="PASS">
          <params>
            <param index="0">
              <value>
                <![CDATA[michaeldavies]]>
              </value>
            </param>
          </params>
          <reporter-output>
          </reporter-output>
        </test-method> <!-- testDeleteUserByName -->
        <test-method signature="testDeleteUserByName(java.lang.String)[pri:4, instance:api.testcases.DataDrivenTests@a38c7fe]" started-at="2024-12-12T11:45:28 IST" name="testDeleteUserByName" data-provider="UserNames" finished-at="2024-12-12T11:45:30 IST" duration-ms="1161" status="PASS">
          <params>
            <param index="0">
              <value>
                <![CDATA[cwoods]]>
              </value>
            </param>
          </params>
          <reporter-output>
          </reporter-output>
        </test-method> <!-- testDeleteUserByName -->
        <test-method signature="testDeleteUserByName(java.lang.String)[pri:4, instance:api.testcases.DataDrivenTests@a38c7fe]" started-at="2024-12-12T11:45:30 IST" name="testDeleteUserByName" data-provider="UserNames" finished-at="2024-12-12T11:45:31 IST" duration-ms="1125" status="PASS">
          <params>
            <param index="0">
              <value>
                <![CDATA[bmora]]>
              </value>
            </param>
          </params>
          <reporter-output>
          </reporter-output>
        </test-method> <!-- testDeleteUserByName -->
        <test-method signature="testDeleteUserByName(java.lang.String)[pri:4, instance:api.testcases.DataDrivenTests@a38c7fe]" started-at="2024-12-12T11:45:31 IST" name="testDeleteUserByName" data-provider="UserNames" finished-at="2024-12-12T11:45:32 IST" duration-ms="1124" status="PASS">
          <params>
            <param index="0">
              <value>
                <![CDATA[zclark]]>
              </value>
            </param>
          </params>
          <reporter-output>
          </reporter-output>
        </test-method> <!-- testDeleteUserByName -->
      </class> <!-- api.testcases.DataDrivenTests -->
      <class name="api.testcases.UserTest">
        <test-method is-config="true" signature="setup()[pri:0, instance:api.testcases.UserTest@32057e6]" started-at="2024-12-12T11:45:38 IST" name="setup" finished-at="2024-12-12T11:45:38 IST" duration-ms="25" status="PASS">
          <reporter-output>
          </reporter-output>
        </test-method> <!-- setup -->
        <test-method signature="testPostUser()[pri:1, instance:api.testcases.UserTest@32057e6]" started-at="2024-12-12T11:45:38 IST" name="testPostUser" finished-at="2024-12-12T11:45:39 IST" duration-ms="1147" status="PASS">
          <reporter-output>
          </reporter-output>
        </test-method> <!-- testPostUser -->
        <test-method signature="testGetUserbyName()[pri:2, instance:api.testcases.UserTest@32057e6]" started-at="2024-12-12T11:45:39 IST" name="testGetUserbyName" finished-at="2024-12-12T11:45:40 IST" depends-on-methods="api.testcases.UserTest.testPostUser" duration-ms="1147" status="PASS">
          <reporter-output>
          </reporter-output>
        </test-method> <!-- testGetUserbyName -->
        <test-method signature="testUpdateUserbyName()[pri:3, instance:api.testcases.UserTest@32057e6]" started-at="2024-12-12T11:45:40 IST" name="testUpdateUserbyName" finished-at="2024-12-12T11:45:43 IST" duration-ms="2300" status="PASS">
          <reporter-output>
          </reporter-output>
        </test-method> <!-- testUpdateUserbyName -->
        <test-method signature="testDeleteUserbyName()[pri:4, instance:api.testcases.UserTest@32057e6]" started-at="2024-12-12T11:45:43 IST" name="testDeleteUserbyName" finished-at="2024-12-12T11:45:45 IST" duration-ms="2305" status="PASS">
          <reporter-output>
          </reporter-output>
        </test-method> <!-- testDeleteUserbyName -->
      </class> <!-- api.testcases.UserTest -->
      <class name="api.testcases.StoreTest">
        <test-method is-config="true" signature="setup()[pri:0, instance:api.testcases.StoreTest@62417a16]" started-at="2024-12-12T11:45:32 IST" name="setup" finished-at="2024-12-12T11:45:32 IST" duration-ms="20" status="PASS">
          <reporter-output>
          </reporter-output>
        </test-method> <!-- setup -->
        <test-method signature="testPostUser()[pri:1, instance:api.testcases.StoreTest@62417a16]" started-at="2024-12-12T11:45:32 IST" name="testPostUser" finished-at="2024-12-12T11:45:34 IST" duration-ms="2312" status="PASS">
          <reporter-output>
          </reporter-output>
        </test-method> <!-- testPostUser -->
        <test-method signature="testGetUserbyName()[pri:2, instance:api.testcases.StoreTest@62417a16]" started-at="2024-12-12T11:45:34 IST" name="testGetUserbyName" finished-at="2024-12-12T11:45:36 IST" depends-on-methods="api.testcases.StoreTest.testPostUser" duration-ms="1490" status="PASS">
          <reporter-output>
          </reporter-output>
        </test-method> <!-- testGetUserbyName -->
        <test-method signature="testDeleteUserbyName()[pri:3, instance:api.testcases.StoreTest@62417a16]" started-at="2024-12-12T11:45:36 IST" name="testDeleteUserbyName" finished-at="2024-12-12T11:45:38 IST" duration-ms="2344" status="PASS">
          <reporter-output>
          </reporter-output>
        </test-method> <!-- testDeleteUserbyName -->
      </class> <!-- api.testcases.StoreTest -->
      <class name="api.testcases.PetTest">
        <test-method is-config="true" signature="setup()[pri:0, instance:api.testcases.PetTest@26be6ca7]" started-at="2024-12-12T11:45:45 IST" name="setup" finished-at="2024-12-12T11:45:45 IST" duration-ms="23" status="PASS">
          <reporter-output>
          </reporter-output>
        </test-method> <!-- setup -->
        <test-method signature="testCreatePet()[pri:1, instance:api.testcases.PetTest@26be6ca7]" started-at="2024-12-12T11:45:45 IST" name="testCreatePet" finished-at="2024-12-12T11:45:46 IST" duration-ms="1144" status="PASS">
          <reporter-output>
          </reporter-output>
        </test-method> <!-- testCreatePet -->
        <test-method signature="testGetPetById()[pri:2, instance:api.testcases.PetTest@26be6ca7]" started-at="2024-12-12T11:45:46 IST" name="testGetPetById" finished-at="2024-12-12T11:45:47 IST" depends-on-methods="api.testcases.PetTest.testCreatePet" duration-ms="1141" status="PASS">
          <reporter-output>
          </reporter-output>
        </test-method> <!-- testGetPetById -->
        <test-method signature="testUpdatePet()[pri:3, instance:api.testcases.PetTest@26be6ca7]" started-at="2024-12-12T11:45:47 IST" name="testUpdatePet" finished-at="2024-12-12T11:45:50 IST" duration-ms="2353" status="PASS">
          <reporter-output>
          </reporter-output>
        </test-method> <!-- testUpdatePet -->
        <test-method signature="testDeletePet()[pri:4, instance:api.testcases.PetTest@26be6ca7]" started-at="2024-12-12T11:45:50 IST" name="testDeletePet" finished-at="2024-12-12T11:45:52 IST" duration-ms="2255" status="PASS">
          <reporter-output>
          </reporter-output>
        </test-method> <!-- testDeletePet -->
      </class> <!-- api.testcases.PetTest -->
    </test> <!-- PetTest -->
  </suite> <!-- PetSuite -->
</testng-results>
