<?xml version="1.0" encoding="UTF-8"?>
<!-- Generated by org.testng.reporters.JUnitXMLReporter -->
<testsuite ignored="0" hostname="CI00430873" failures="0" tests="51" name="PetTest" time="98.22" errors="0" timestamp="2024-12-12T12:31:45 IST">
  <testcase classname="api.testcases.DataDrivenTests" name="testPostUser" time="3.074"/>
  <testcase classname="api.testcases.DataDrivenTests" name="testPostUser" time="1.328"/>
  <testcase classname="api.testcases.DataDrivenTests" name="testPostUser" time="1.189"/>
  <testcase classname="api.testcases.DataDrivenTests" name="testPostUser" time="1.431"/>
  <testcase classname="api.testcases.DataDrivenTests" name="testPostUser" time="1.33"/>
  <testcase classname="api.testcases.DataDrivenTests" name="testPostUser" time="1.272"/>
  <testcase classname="api.testcases.DataDrivenTests" name="testPostUser" time="1.418"/>
  <testcase classname="api.testcases.DataDrivenTests" name="testPostUser" time="1.359"/>
  <testcase classname="api.testcases.DataDrivenTests" name="testPostUser" time="1.479"/>
  <testcase classname="api.testcases.DataDrivenTests" name="testPostUser" time="1.167"/>
  <testcase classname="api.testcases.DataDrivenTests" name="testGetUserByName" time="1.474"/>
  <testcase classname="api.testcases.DataDrivenTests" name="testGetUserByName" time="1.394"/>
  <testcase classname="api.testcases.DataDrivenTests" name="testGetUserByName" time="1.25"/>
  <testcase classname="api.testcases.DataDrivenTests" name="testGetUserByName" time="1.512"/>
  <testcase classname="api.testcases.DataDrivenTests" name="testGetUserByName" time="1.228"/>
  <testcase classname="api.testcases.DataDrivenTests" name="testGetUserByName" time="1.538"/>
  <testcase classname="api.testcases.DataDrivenTests" name="testGetUserByName" time="1.35"/>
  <testcase classname="api.testcases.DataDrivenTests" name="testGetUserByName" time="1.308"/>
  <testcase classname="api.testcases.DataDrivenTests" name="testGetUserByName" time="1.331"/>
  <testcase classname="api.testcases.DataDrivenTests" name="testGetUserByName" time="1.433"/>
  <testcase classname="api.testcases.DataDrivenTests" name="testUpdateUser" time="2.937"/>
  <testcase classname="api.testcases.DataDrivenTests" name="testUpdateUser" time="2.845"/>
  <testcase classname="api.testcases.DataDrivenTests" name="testUpdateUser" time="3.071"/>
  <testcase classname="api.testcases.DataDrivenTests" name="testUpdateUser" time="2.764"/>
  <testcase classname="api.testcases.DataDrivenTests" name="testUpdateUser" time="2.79"/>
  <testcase classname="api.testcases.DataDrivenTests" name="testUpdateUser" time="2.553"/>
  <testcase classname="api.testcases.DataDrivenTests" name="testUpdateUser" time="2.538"/>
  <testcase classname="api.testcases.DataDrivenTests" name="testUpdateUser" time="2.874"/>
  <testcase classname="api.testcases.DataDrivenTests" name="testUpdateUser" time="2.857"/>
  <testcase classname="api.testcases.DataDrivenTests" name="testUpdateUser" time="2.768"/>
  <testcase classname="api.testcases.DataDrivenTests" name="testDeleteUserByName" time="1.418"/>
  <testcase classname="api.testcases.DataDrivenTests" name="testDeleteUserByName" time="1.284"/>
  <testcase classname="api.testcases.DataDrivenTests" name="testDeleteUserByName" time="1.408"/>
  <testcase classname="api.testcases.DataDrivenTests" name="testDeleteUserByName" time="1.4"/>
  <testcase classname="api.testcases.DataDrivenTests" name="testDeleteUserByName" time="1.447"/>
  <testcase classname="api.testcases.DataDrivenTests" name="testDeleteUserByName" time="1.152"/>
  <testcase classname="api.testcases.DataDrivenTests" name="testDeleteUserByName" time="1.291"/>
  <testcase classname="api.testcases.DataDrivenTests" name="testDeleteUserByName" time="1.532"/>
  <testcase classname="api.testcases.DataDrivenTests" name="testDeleteUserByName" time="1.417"/>
  <testcase classname="api.testcases.DataDrivenTests" name="testDeleteUserByName" time="1.243"/>
  <testcase classname="api.testcases.StoreTest" name="testPostUser" time="2.857"/>
  <testcase classname="api.testcases.StoreTest" name="testGetUserbyName" time="1.778"/>
  <testcase classname="api.testcases.StoreTest" name="testDeleteUserbyName" time="3.029"/>
  <testcase classname="api.testcases.UserTest" name="testPostUser" time="1.148"/>
  <testcase classname="api.testcases.UserTest" name="testGetUserbyName" time="1.355"/>
  <testcase classname="api.testcases.UserTest" name="testUpdateUserbyName" time="2.882"/>
  <testcase classname="api.testcases.UserTest" name="testDeleteUserbyName" time="2.579"/>
  <testcase classname="api.testcases.PetTest" name="testCreatePet" time="1.394"/>
  <testcase classname="api.testcases.PetTest" name="testGetPetById" time="1.421"/>
  <testcase classname="api.testcases.PetTest" name="testUpdatePet" time="2.96"/>
  <testcase classname="api.testcases.PetTest" name="testDeletePet" time="2.506"/>
</testsuite> <!-- PetTest -->
