<?xml version="1.0" encoding="UTF-8"?>
<!-- Generated by org.testng.reporters.JUnitXMLReporter -->
<testsuite ignored="0" hostname="CI00430873" failures="0" tests="51" name="PetTest" time="83.812" errors="0" timestamp="2024-12-12T11:45:53 IST">
  <testcase classname="api.testcases.DataDrivenTests" name="testPostUser" time="3.045"/>
  <testcase classname="api.testcases.DataDrivenTests" name="testPostUser" time="1.161"/>
  <testcase classname="api.testcases.DataDrivenTests" name="testPostUser" time="1.175"/>
  <testcase classname="api.testcases.DataDrivenTests" name="testPostUser" time="1.161"/>
  <testcase classname="api.testcases.DataDrivenTests" name="testPostUser" time="1.172"/>
  <testcase classname="api.testcases.DataDrivenTests" name="testPostUser" time="1.167"/>
  <testcase classname="api.testcases.DataDrivenTests" name="testPostUser" time="1.174"/>
  <testcase classname="api.testcases.DataDrivenTests" name="testPostUser" time="1.144"/>
  <testcase classname="api.testcases.DataDrivenTests" name="testPostUser" time="1.143"/>
  <testcase classname="api.testcases.DataDrivenTests" name="testPostUser" time="1.16"/>
  <testcase classname="api.testcases.DataDrivenTests" name="testGetUserByName" time="1.221"/>
  <testcase classname="api.testcases.DataDrivenTests" name="testGetUserByName" time="1.128"/>
  <testcase classname="api.testcases.DataDrivenTests" name="testGetUserByName" time="1.135"/>
  <testcase classname="api.testcases.DataDrivenTests" name="testGetUserByName" time="1.157"/>
  <testcase classname="api.testcases.DataDrivenTests" name="testGetUserByName" time="1.152"/>
  <testcase classname="api.testcases.DataDrivenTests" name="testGetUserByName" time="1.146"/>
  <testcase classname="api.testcases.DataDrivenTests" name="testGetUserByName" time="1.152"/>
  <testcase classname="api.testcases.DataDrivenTests" name="testGetUserByName" time="1.136"/>
  <testcase classname="api.testcases.DataDrivenTests" name="testGetUserByName" time="1.147"/>
  <testcase classname="api.testcases.DataDrivenTests" name="testGetUserByName" time="1.111"/>
  <testcase classname="api.testcases.DataDrivenTests" name="testUpdateUser" time="2.529"/>
  <testcase classname="api.testcases.DataDrivenTests" name="testUpdateUser" time="2.315"/>
  <testcase classname="api.testcases.DataDrivenTests" name="testUpdateUser" time="2.414"/>
  <testcase classname="api.testcases.DataDrivenTests" name="testUpdateUser" time="2.323"/>
  <testcase classname="api.testcases.DataDrivenTests" name="testUpdateUser" time="2.308"/>
  <testcase classname="api.testcases.DataDrivenTests" name="testUpdateUser" time="2.308"/>
  <testcase classname="api.testcases.DataDrivenTests" name="testUpdateUser" time="2.276"/>
  <testcase classname="api.testcases.DataDrivenTests" name="testUpdateUser" time="2.299"/>
  <testcase classname="api.testcases.DataDrivenTests" name="testUpdateUser" time="2.295"/>
  <testcase classname="api.testcases.DataDrivenTests" name="testUpdateUser" time="2.304"/>
  <testcase classname="api.testcases.DataDrivenTests" name="testDeleteUserByName" time="1.143"/>
  <testcase classname="api.testcases.DataDrivenTests" name="testDeleteUserByName" time="1.138"/>
  <testcase classname="api.testcases.DataDrivenTests" name="testDeleteUserByName" time="1.125"/>
  <testcase classname="api.testcases.DataDrivenTests" name="testDeleteUserByName" time="1.16"/>
  <testcase classname="api.testcases.DataDrivenTests" name="testDeleteUserByName" time="1.114"/>
  <testcase classname="api.testcases.DataDrivenTests" name="testDeleteUserByName" time="1.125"/>
  <testcase classname="api.testcases.DataDrivenTests" name="testDeleteUserByName" time="1.153"/>
  <testcase classname="api.testcases.DataDrivenTests" name="testDeleteUserByName" time="1.161"/>
  <testcase classname="api.testcases.DataDrivenTests" name="testDeleteUserByName" time="1.125"/>
  <testcase classname="api.testcases.DataDrivenTests" name="testDeleteUserByName" time="1.124"/>
  <testcase classname="api.testcases.StoreTest" name="testPostUser" time="2.312"/>
  <testcase classname="api.testcases.StoreTest" name="testGetUserbyName" time="1.49"/>
  <testcase classname="api.testcases.StoreTest" name="testDeleteUserbyName" time="2.344"/>
  <testcase classname="api.testcases.UserTest" name="testPostUser" time="1.147"/>
  <testcase classname="api.testcases.UserTest" name="testGetUserbyName" time="1.147"/>
  <testcase classname="api.testcases.UserTest" name="testUpdateUserbyName" time="2.3"/>
  <testcase classname="api.testcases.UserTest" name="testDeleteUserbyName" time="2.305"/>
  <testcase classname="api.testcases.PetTest" name="testCreatePet" time="1.144"/>
  <testcase classname="api.testcases.PetTest" name="testGetPetById" time="1.141"/>
  <testcase classname="api.testcases.PetTest" name="testUpdatePet" time="2.353"/>
  <testcase classname="api.testcases.PetTest" name="testDeletePet" time="2.255"/>
</testsuite> <!-- PetTest -->
